<?xml version="1.0" encoding="UTF-8"?><testsuite errors="0" failures="0" name="in.co.gorest.gorestinfo.GorestCurdInfo" skipped="0" tests="4" time="12.46" timestamp="2022-06-06T21:49:52.236+01:00[Europe/London]"><testcase classname="in.co.gorest.gorestinfo.GorestCurdInfo" name="create user"/><testcase classname="in.co.gorest.gorestinfo.GorestCurdInfo" name="get single user"/><testcase classname="in.co.gorest.gorestinfo.GorestCurdInfo" name="update user "/><testcase classname="in.co.gorest.gorestinfo.GorestCurdInfo" name="delete single user"/></testsuite>